<?xml version="1.0" encoding="UTF-8"?>
<testng-results ignored="0" total="1" passed="1" failed="0" skipped="0">
  <reporter-output>
  </reporter-output>
  <suite started-at="2023-02-09T23:01:33 EST" name="Default suite" finished-at="2023-02-09T23:01:35 EST" duration-ms="2578">
    <groups>
    </groups>
    <test started-at="2023-02-09T23:01:33 EST" name="Default test" finished-at="2023-02-09T23:01:35 EST" duration-ms="2578">
      <class name="tests.XMLSchemaValidation">
        <test-method signature="schemaValidation()[pri:0, instance:tests.XMLSchemaValidation@657c8ad9]" started-at="2023-02-09T23:01:33 EST" name="schemaValidation" finished-at="2023-02-09T23:01:35 EST" duration-ms="2513" status="PASS">
          <reporter-output>
          </reporter-output>
        </test-method> <!-- schemaValidation -->
      </class> <!-- tests.XMLSchemaValidation -->
    </test> <!-- Default test -->
  </suite> <!-- Default suite -->
</testng-results>
